{"contracts/MultiSigFactory.sol":{"l":{"12":0,"13":0,"14":0,"18":0},"path":"/home/babatunde/Documents/web3bridge/Web3bridge-Web3-Cohort-XIII/onsite-program/submissions/week-5/day-4/Multi-Sig/contracts/MultiSigFactory.sol","s":{"1":0,"2":0,"3":0,"4":0},"b":{},"f":{"1":0,"2":0},"fnMap":{"1":{"name":"createWallet","line":11,"loc":{"start":{"line":11,"column":4},"end":{"line":15,"column":4}}},"2":{"name":"getWallets","line":17,"loc":{"start":{"line":17,"column":4},"end":{"line":19,"column":4}}}},"statementMap":{"1":{"start":{"line":12,"column":8},"end":{"line":12,"column":79}},"2":{"start":{"line":13,"column":8},"end":{"line":13,"column":44}},"3":{"start":{"line":14,"column":8},"end":{"line":14,"column":43}},"4":{"start":{"line":18,"column":8},"end":{"line":18,"column":30}}},"branchMap":{}},"contracts/MultiSigWallet.sol":{"l":{"19":11,"20":11,"21":33,"23":11,"24":10,"28":4,"29":4,"30":4,"36":3,"37":3,"38":3,"39":3,"40":3,"44":7,"45":7,"46":7,"48":6,"49":6,"51":6,"52":1,"53":1,"60":4,"61":4,"65":0,"69":0},"path":"/home/babatunde/Documents/web3bridge/Web3bridge-Web3-Cohort-XIII/onsite-program/submissions/week-5/day-4/Multi-Sig/contracts/MultiSigWallet.sol","s":{"1":11,"2":11,"3":33,"4":11,"5":4,"6":3,"7":7,"8":7,"9":7,"10":6,"11":1,"12":4,"13":4,"14":0,"15":0},"b":{"1":[10,23],"2":[10,1],"3":[4,0],"4":[3,1],"5":[7,0],"6":[7,0],"7":[6,1],"8":[1,5]},"f":{"1":11,"2":4,"3":3,"4":7,"5":4,"6":0,"7":0},"fnMap":{"1":{"name":"onlyOwner","line":18,"loc":{"start":{"line":18,"column":4},"end":{"line":25,"column":4}}},"2":{"name":"constructor","line":27,"loc":{"start":{"line":27,"column":4},"end":{"line":31,"column":4}}},"3":{"name":"createTransfer","line":35,"loc":{"start":{"line":35,"column":4},"end":{"line":41,"column":4}}},"4":{"name":"approveTransfer","line":43,"loc":{"start":{"line":43,"column":4},"end":{"line":55,"column":4}}},"5":{"name":"getTransfer","line":57,"loc":{"start":{"line":57,"column":4},"end":{"line":62,"column":4}}},"6":{"name":"getOwners","line":64,"loc":{"start":{"line":64,"column":4},"end":{"line":66,"column":4}}},"7":{"name":"getTransfersCount","line":68,"loc":{"start":{"line":68,"column":4},"end":{"line":70,"column":4}}}},"statementMap":{"1":{"start":{"line":19,"column":8},"end":{"line":19,"column":28}},"2":{"start":{"line":20,"column":8},"end":{"line":20,"column":419}},"3":{"start":{"line":21,"column":12},"end":{"line":21,"column":55}},"4":{"start":{"line":23,"column":8},"end":{"line":23,"column":39}},"5":{"start":{"line":28,"column":8},"end":{"line":28,"column":73}},"6":{"start":{"line":36,"column":8},"end":{"line":36,"column":45}},"7":{"start":{"line":44,"column":8},"end":{"line":44,"column":45}},"8":{"start":{"line":45,"column":8},"end":{"line":45,"column":47}},"9":{"start":{"line":46,"column":8},"end":{"line":46,"column":61}},"10":{"start":{"line":51,"column":8},"end":{"line":51,"column":1374}},"11":{"start":{"line":53,"column":12},"end":{"line":53,"column":43}},"12":{"start":{"line":60,"column":8},"end":{"line":60,"column":45}},"13":{"start":{"line":61,"column":8},"end":{"line":61,"column":56}},"14":{"start":{"line":65,"column":8},"end":{"line":65,"column":21}},"15":{"start":{"line":69,"column":8},"end":{"line":69,"column":31}}},"branchMap":{"1":{"line":21,"type":"if","locations":[{"start":{"line":21,"column":12},"end":{"line":21,"column":12}},{"start":{"line":21,"column":12},"end":{"line":21,"column":12}}]},"2":{"line":23,"type":"if","locations":[{"start":{"line":23,"column":8},"end":{"line":23,"column":8}},{"start":{"line":23,"column":8},"end":{"line":23,"column":8}}]},"3":{"line":28,"type":"if","locations":[{"start":{"line":28,"column":8},"end":{"line":28,"column":8}},{"start":{"line":28,"column":8},"end":{"line":28,"column":8}}]},"4":{"line":35,"type":"if","locations":[{"start":{"line":35,"column":62},"end":{"line":35,"column":62}},{"start":{"line":35,"column":62},"end":{"line":35,"column":62}}]},"5":{"line":43,"type":"if","locations":[{"start":{"line":43,"column":50},"end":{"line":43,"column":50}},{"start":{"line":43,"column":50},"end":{"line":43,"column":50}}]},"6":{"line":45,"type":"if","locations":[{"start":{"line":45,"column":8},"end":{"line":45,"column":8}},{"start":{"line":45,"column":8},"end":{"line":45,"column":8}}]},"7":{"line":46,"type":"if","locations":[{"start":{"line":46,"column":8},"end":{"line":46,"column":8}},{"start":{"line":46,"column":8},"end":{"line":46,"column":8}}]},"8":{"line":51,"type":"if","locations":[{"start":{"line":51,"column":8},"end":{"line":51,"column":8}},{"start":{"line":51,"column":8},"end":{"line":51,"column":8}}]}}}}